<?xml version="1.0" encoding="UTF-8" ?>
<testsuite tests="2" failures="0" name="com.raybanleeeee.helloworld.HelloWorldTest" time="0.07" errors="0" skipped="0">
  <properties>
    <property name="java.runtime.name" value="Java(TM) SE Runtime Environment"/>
    <property name="sun.boot.library.path" value="D:\Program Files\Java\jdk1.8.0_162\jre\bin"/>
    <property name="java.vm.version" value="25.162-b12"/>
    <property name="java.vm.vendor" value="Oracle Corporation"/>
    <property name="maven.multiModuleProjectDirectory" value="E:\RaybanLeeeee\note\frameworks\maven\exp\HelloWorld"/>
    <property name="java.vendor.url" value="http://java.oracle.com/"/>
    <property name="path.separator" value=";"/>
    <property name="guice.disable.misplaced.annotation.check" value="true"/>
    <property name="java.vm.name" value="Java HotSpot(TM) 64-Bit Server VM"/>
    <property name="file.encoding.pkg" value="sun.io"/>
    <property name="user.script" value=""/>
    <property name="user.country" value="CN"/>
    <property name="sun.java.launcher" value="SUN_STANDARD"/>
    <property name="sun.os.patch.level" value="Service Pack 1"/>
    <property name="java.vm.specification.name" value="Java Virtual Machine Specification"/>
    <property name="user.dir" value="E:\RaybanLeeeee\note\frameworks\maven\exp\HelloWorld"/>
    <property name="java.runtime.version" value="1.8.0_162-b12"/>
    <property name="java.awt.graphicsenv" value="sun.awt.Win32GraphicsEnvironment"/>
    <property name="java.endorsed.dirs" value="D:\Program Files\Java\jdk1.8.0_162\jre\lib\endorsed"/>
    <property name="os.arch" value="amd64"/>
    <property name="java.io.tmpdir" value="C:\Users\gzlx\AppData\Local\Temp\"/>
    <property name="line.separator" value="
"/>
    <property name="java.vm.specification.vendor" value="Oracle Corporation"/>
    <property name="user.variant" value=""/>
    <property name="os.name" value="Windows 7"/>
    <property name="classworlds.conf" value="D:\Program Files\apache-maven-3.6.0\bin\..\bin\m2.conf"/>
    <property name="sun.jnu.encoding" value="GBK"/>
    <property name="java.library.path" value="D:\Program Files\Java\jdk1.8.0_162\bin;C:\Windows\Sun\Java\bin;C:\Windows\system32;C:\Windows;D:\Program Files\MATLAB\R2014a\bin\win64;D:\Program Files\apache-maven-3.6.0\bin;D:\Program Files\CTEX\Ghostscript\gs9.05\lib;D:\Program Files\CTEX\Ghostscript\gs9.05\bin;D:\Program Files\Java\jdk1.8.0_162\bin;D:\Program Files\Miniconda3;D:\Program Files\Miniconda3\Library\mingw-w64\bin;D:\Program Files\Miniconda3\Library\usr\bin;D:\Program Files\Miniconda3\Library\bin;D:\Program Files\Miniconda3\Scripts;C:\Windows\System32;;D:\Program Files\opencv\build\x64\vc12\bin;D:\Program Files\opencv\build\x86\vc12\bin;D:\Program Files\opencv\build\x64\vc12\bin;D:\Program Files\Microsoft Visual Studio 12.0\VC\bin\;C:\Program Files\Microsoft SQL Server\110\Tools\Binn\;C:\Program Files (x86)\Microsoft SDKs\TypeScript\1.0\;D:\Program Files\MATLAB\R2014a\runtime\win64;D:\Program Files\MATLAB\R2014a\bin;D:\Program Files\MATLAB\R2014a\polyspace\bin;D:\Program Files\MATLAB\R2014a\bin\win64;D:\Program Files\MATLAB\MATLAB Compiler Runtime\v83\runtime\win64;C:\Program Files (x86)\Windows Kits\10\Windows Performance Toolkit\;D:\Program Files (x86)\Rational\common;D:\Program Files\CTEX\UserData\miktex\bin;D:\Program Files\CTEX\MiKTeX\miktex\bin;D:\Program Files\CTEX\CTeX\ctex\bin;D:\Program Files\CTEX\CTeX\cct\bin;D:\Program Files\CTEX\CTeX\ty\bin;D:\Program Files\CTEX\Ghostscript\gs9.05\bin;D:\Program Files\CTEX\GSview\gsview;D:\Program Files\CTEX;D:\MinGW\bin;%MIKTEX%\miktex\bin;D:\Program Files\CMake\bin;D:\Program Files\opencv2_4_10\build\x86\vc12\bin;D:\Program Files\opencv2_4_10\build\x64\vc12\bin;D:\Program Files\Git\cmd;D:\Program Files\TortoiseGit\bin;D:\Program Files\nodejs;D:\Program Files\nodejs\node_modules\npm;d:\Program Files (x86)\Microsoft VS Code\bin;d:\Program Files (x86)\Microsoft VS Code\bin;C:\Users\gzlx\AppData\Local\GitHubDesktop\bin;C:\Users\gzlx\AppData\Roaming\npm;."/>
    <property name="maven.conf" value="D:\Program Files\apache-maven-3.6.0\bin\../conf"/>
    <property name="java.specification.name" value="Java Platform API Specification"/>
    <property name="java.class.version" value="52.0"/>
    <property name="sun.management.compiler" value="HotSpot 64-Bit Tiered Compilers"/>
    <property name="os.version" value="6.1"/>
    <property name="library.jansi.path" value="D:\Program Files\apache-maven-3.6.0\bin\..\lib\jansi-native"/>
    <property name="user.home" value="C:\Users\gzlx"/>
    <property name="user.timezone" value="Asia/Shanghai"/>
    <property name="java.awt.printerjob" value="sun.awt.windows.WPrinterJob"/>
    <property name="java.specification.version" value="1.8"/>
    <property name="file.encoding" value="GBK"/>
    <property name="user.name" value="gzlx"/>
    <property name="java.class.path" value="D:\Program Files\apache-maven-3.6.0\bin\..\boot\plexus-classworlds-2.5.2.jar"/>
    <property name="java.vm.specification.version" value="1.8"/>
    <property name="sun.arch.data.model" value="64"/>
    <property name="java.home" value="D:\Program Files\Java\jdk1.8.0_162\jre"/>
    <property name="sun.java.command" value="org.codehaus.plexus.classworlds.launcher.Launcher compiler:compile resources:testResources compiler:testCompile surefire:test"/>
    <property name="java.specification.vendor" value="Oracle Corporation"/>
    <property name="user.language" value="zh"/>
    <property name="awt.toolkit" value="sun.awt.windows.WToolkit"/>
    <property name="java.vm.info" value="mixed mode"/>
    <property name="java.version" value="1.8.0_162"/>
    <property name="java.ext.dirs" value="D:\Program Files\Java\jdk1.8.0_162\jre\lib\ext;C:\Windows\Sun\Java\lib\ext"/>
    <property name="sun.boot.class.path" value="D:\Program Files\Java\jdk1.8.0_162\jre\lib\resources.jar;D:\Program Files\Java\jdk1.8.0_162\jre\lib\rt.jar;D:\Program Files\Java\jdk1.8.0_162\jre\lib\sunrsasign.jar;D:\Program Files\Java\jdk1.8.0_162\jre\lib\jsse.jar;D:\Program Files\Java\jdk1.8.0_162\jre\lib\jce.jar;D:\Program Files\Java\jdk1.8.0_162\jre\lib\charsets.jar;D:\Program Files\Java\jdk1.8.0_162\jre\lib\jfr.jar;D:\Program Files\Java\jdk1.8.0_162\jre\classes"/>
    <property name="sun.stderr.encoding" value="ms936"/>
    <property name="java.vendor" value="Oracle Corporation"/>
    <property name="maven.home" value="D:\Program Files\apache-maven-3.6.0\bin\.."/>
    <property name="file.separator" value="\"/>
    <property name="java.vendor.url.bug" value="http://bugreport.sun.com/bugreport/"/>
    <property name="sun.cpu.endian" value="little"/>
    <property name="sun.io.unicode.encoding" value="UnicodeLittle"/>
    <property name="sun.stdout.encoding" value="ms936"/>
    <property name="sun.desktop" value="windows"/>
    <property name="sun.cpu.isalist" value="amd64"/>
  </properties>
  <testcase classname="com.raybanleeeee.helloworld.HelloWorldTest" name="testSayHello" time="0"/>
  <testcase classname="com.raybanleeeee.helloworld.HelloWorldTest" name="testJdkVersion" time="0.07"/>
</testsuite>